# JRE version: OpenJDK Runtime Environment (8.0_76-b03) (build 1.8.0_76-release-b03)
# Java VM: OpenJDK 64-Bit Server VM (25.76-b03 mixed mode windows-amd64 compressed oops)
Heap:
 PSYoungGen      total 200192K, used 23558K [0x00000000e0000000, 0x00000000ee680000, 0x0000000100000000)
  eden space 175104K, 13% used [0x00000000e0000000,0x00000000e1701810,0x00000000eab00000)
  from space 25088K, 0% used [0x00000000ece00000,0x00000000ece00000,0x00000000ee680000)
  to   space 20480K, 0% used [0x00000000eab00000,0x00000000eab00000,0x00000000ebf00000)
 ParOldGen       total 88576K, used 84229K [0x00000000a0000000, 0x00000000a5680000, 0x00000000e0000000)
  object space 88576K, 95% used [0x00000000a0000000,0x00000000a52416d8,0x00000000a5680000)
 Metaspace       used 72709K, capacity 75674K, committed 75944K, reserved 1118208K
  class space    used 9237K, capacity 9851K, committed 9896K, reserved 1048576K
GC Heap History (10 events):
Event: 715.944 GC heap before
{Heap before GC invocations=38 (full 6):
 PSYoungGen      total 200192K, used 25084K [0x00000000e0000000, 0x00000000ee680000, 0x0000000100000000)
  eden space 175104K, 0% used [0x00000000e0000000,0x00000000e0000000,0x00000000eab00000)
  from space 25088K, 99% used [0x00000000ece00000,0x00000000ee67f380,0x00000000ee680000)
  to   space 20480K, 0% used [0x00000000eab00000,0x00000000eab00000,0x00000000ebf00000)
 ParOldGen       total 88576K, used 88503K [0x00000000a0000000, 0x00000000a5680000, 0x00000000e0000000)
  object space 88576K, 99% used [0x00000000a0000000,0x00000000a566dd88,0x00000000a5680000)
 Metaspace       used 72076K, capacity 74968K, committed 75176K, reserved 1114112K
  class space    used 9175K, capacity 9786K, committed 9896K, reserved 1048576K
Event: 716.414 GC heap after
Heap after GC invocations=38 (full 6):
 PSYoungGen      total 200192K, used 14821K [0x00000000e0000000, 0x00000000ee680000, 0x0000000100000000)
  eden space 175104K, 0% used [0x00000000e0000000,0x00000000e0000000,0x00000000eab00000)
  from space 25088K, 59% used [0x00000000ece00000,0x00000000edc79730,0x00000000ee680000)
  to   space 20480K, 0% used [0x00000000eab00000,0x00000000eab00000,0x00000000ebf00000)
 ParOldGen       total 88576K, used 88313K [0x00000000a0000000, 0x00000000a5680000, 0x00000000e0000000)
  object space 88576K, 99% used [0x00000000a0000000,0x00000000a563e680,0x00000000a5680000)
 Metaspace       used 72070K, capacity 74950K, committed 75176K, reserved 1114112K
  class space    used 9174K, capacity 9783K, committed 9896K, reserved 1048576K
}
Event: 716.731 GC heap before
{Heap before GC invocations=39 (full 7):
 PSYoungGen      total 200192K, used 189925K [0x00000000e0000000, 0x00000000ee680000, 0x0000000100000000)
  eden space 175104K, 100% used [0x00000000e0000000,0x00000000eab00000,0x00000000eab00000)
  from space 25088K, 59% used [0x00000000ece00000,0x00000000edc79730,0x00000000ee680000)
  to   space 20480K, 0% used [0x00000000eab00000,0x00000000eab00000,0x00000000ebf00000)
 ParOldGen       total 88576K, used 88313K [0x00000000a0000000, 0x00000000a5680000, 0x00000000e0000000)
  object space 88576K, 99% used [0x00000000a0000000,0x00000000a563e680,0x00000000a5680000)
 Metaspace       used 72094K, capacity 74950K, committed 75176K, reserved 1114112K
  class space    used 9174K, capacity 9783K, committed 9896K, reserved 1048576K
Event: 717.066 GC heap after
Heap after GC invocations=39 (full 7):
 PSYoungGen      total 200192K, used 32853K [0x00000000e0000000, 0x00000000ee680000, 0x0000000100000000)
  eden space 175104K, 18% used [0x00000000e0000000,0x00000000e20156d8,0x00000000eab00000)
  from space 25088K, 0% used [0x00000000ece00000,0x00000000ece00000,0x00000000ee680000)
  to   space 20480K, 0% used [0x00000000eab00000,0x00000000eab00000,0x00000000ebf00000)
 ParOldGen       total 88576K, used 88575K [0x00000000a0000000, 0x00000000a5680000, 0x00000000e0000000)
  object space 88576K, 99% used [0x00000000a0000000,0x00000000a567fc38,0x00000000a5680000)
 Metaspace       used 72094K, capacity 74950K, committed 75176K, reserved 1114112K
  class space    used 9174K, capacity 9783K, committed 9896K, reserved 1048576K
}
Event: 717.349 GC heap before
{Heap before GC invocations=40 (full 8):
 PSYoungGen      total 200192K, used 175104K [0x00000000e0000000, 0x00000000ee680000, 0x0000000100000000)
  eden space 175104K, 100% used [0x00000000e0000000,0x00000000eab00000,0x00000000eab00000)
  from space 25088K, 0% used [0x00000000ece00000,0x00000000ece00000,0x00000000ee680000)
  to   space 20480K, 0% used [0x00000000eab00000,0x00000000eab00000,0x00000000ebf00000)
 ParOldGen       total 88576K, used 88575K [0x00000000a0000000, 0x00000000a5680000, 0x00000000e0000000)
  object space 88576K, 99% used [0x00000000a0000000,0x00000000a567fc38,0x00000000a5680000)
 Metaspace       used 72116K, capacity 75014K, committed 75176K, reserved 1114112K
  class space    used 9174K, capacity 9783K, committed 9896K, reserved 1048576K
Event: 717.763 GC heap after
Heap after GC invocations=40 (full 8):
 PSYoungGen      total 200192K, used 36914K [0x00000000e0000000, 0x00000000ee680000, 0x0000000100000000)
  eden space 175104K, 21% used [0x00000000e0000000,0x00000000e240c9a8,0x00000000eab00000)
  from space 25088K, 0% used [0x00000000ece00000,0x00000000ece00000,0x00000000ee680000)
  to   space 20480K, 0% used [0x00000000eab00000,0x00000000eab00000,0x00000000ebf00000)
 ParOldGen       total 88576K, used 88109K [0x00000000a0000000, 0x00000000a5680000, 0x00000000e0000000)
  object space 88576K, 99% used [0x00000000a0000000,0x00000000a560b450,0x00000000a5680000)
 Metaspace       used 72116K, capacity 75014K, committed 75176K, reserved 1114112K
  class space    used 9174K, capacity 9783K, committed 9896K, reserved 1048576K
}
Event: 717.996 GC heap before
{Heap before GC invocations=41 (full 9):
 PSYoungGen      total 200192K, used 175104K [0x00000000e0000000, 0x00000000ee680000, 0x0000000100000000)
  eden space 175104K, 100% used [0x00000000e0000000,0x00000000eab00000,0x00000000eab00000)
  from space 25088K, 0% used [0x00000000ece00000,0x00000000ece00000,0x00000000ee680000)
  to   space 20480K, 0% used [0x00000000eab00000,0x00000000eab00000,0x00000000ebf00000)
 ParOldGen       total 88576K, used 88109K [0x00000000a0000000, 0x00000000a5680000, 0x00000000e0000000)
  object space 88576K, 99% used [0x00000000a0000000,0x00000000a560b450,0x00000000a5680000)
 Metaspace       used 72122K, capacity 75014K, committed 75176K, reserved 1114112K
  class space    used 9174K, capacity 9783K, committed 9896K, reserved 1048576K
Event: 718.387 GC heap after
Heap after GC invocations=41 (full 9):
 PSYoungGen      total 200192K, used 51279K [0x00000000e0000000, 0x00000000ee680000, 0x0000000100000000)
  eden space 175104K, 29% used [0x00000000e0000000,0x00000000e3213c98,0x00000000eab00000)
  from space 25088K, 0% used [0x00000000ece00000,0x00000000ece00000,0x00000000ee680000)
  to   space 20480K, 0% used [0x00000000eab00000,0x00000000eab00000,0x00000000ebf00000)
 ParOldGen       total 88576K, used 88537K [0x00000000a0000000, 0x00000000a5680000, 0x00000000e0000000)
  object space 88576K, 99% used [0x00000000a0000000,0x00000000a5676400,0x00000000a5680000)
 Metaspace       used 72122K, capacity 75014K, committed 75176K, reserved 1114112K
  class space    used 9174K, capacity 9783K, committed 9896K, reserved 1048576K
}
Event: 719.666 GC heap before
{Heap before GC invocations=42 (full 10):
 PSYoungGen      total 200192K, used 175104K [0x00000000e0000000, 0x00000000ee680000, 0x0000000100000000)
  eden space 175104K, 100% used [0x00000000e0000000,0x00000000eab00000,0x00000000eab00000)
  from space 25088K, 0% used [0x00000000ece00000,0x00000000ece00000,0x00000000ee680000)
  to   space 20480K, 0% used [0x00000000eab00000,0x00000000eab00000,0x00000000ebf00000)
 ParOldGen       total 88576K, used 88537K [0x00000000a0000000, 0x00000000a5680000, 0x00000000e0000000)
  object space 88576K, 99% used [0x00000000a0000000,0x00000000a5676400,0x00000000a5680000)
 Metaspace       used 72613K, capacity 75528K, committed 75688K, reserved 1116160K
  class space    used 9227K, capacity 9848K, committed 9896K, reserved 1048576K
Event: 719.826 GC heap after
Heap after GC invocations=42 (full 10):
 PSYoungGen      total 200192K, used 0K [0x00000000e0000000, 0x00000000ee680000, 0x0000000100000000)
  eden space 175104K, 0% used [0x00000000e0000000,0x00000000e0000000,0x00000000eab00000)
  from space 25088K, 0% used [0x00000000ece00000,0x00000000ece00000,0x00000000ee680000)
  to   space 20480K, 0% used [0x00000000eab00000,0x00000000eab00000,0x00000000ebf00000)
 ParOldGen       total 88576K, used 84229K [0x00000000a0000000, 0x00000000a5680000, 0x00000000e0000000)
  object space 88576K, 95% used [0x00000000a0000000,0x00000000a52416d8,0x00000000a5680000)
 Metaspace       used 72613K, capacity 75528K, committed 75688K, reserved 1116160K
  class space    used 9227K, capacity 9848K, committed 9896K, reserved 1048576K
}

